2025-09-13T14:49:59.793+02:00  INFO 14288 --- [Backend-ArticoliSportivi] [restartedMain] c.b.j.BackendArticoliSportiviApplication : Starting BackendArticoliSportiviApplication using Java 21.0.7 with PID 14288 (C:\Users\crist\eclipse-workspace\Backend_articoli_sportivi\target\classes started by crist in C:\Users\crist\eclipse-workspace\Backend_articoli_sportivi)
2025-09-13T14:49:59.794+02:00 DEBUG 14288 --- [Backend-ArticoliSportivi] [restartedMain] c.b.j.BackendArticoliSportiviApplication : Running with Spring Boot v3.5.5, Spring v6.2.10
2025-09-13T14:49:59.797+02:00  INFO 14288 --- [Backend-ArticoliSportivi] [restartedMain] c.b.j.BackendArticoliSportiviApplication : No active profile set, falling back to 1 default profile: "default"
2025-09-13T14:49:59.845+02:00  INFO 14288 --- [Backend-ArticoliSportivi] [restartedMain] .e.DevToolsPropertyDefaultsPostProcessor : Devtools property defaults active! Set 'spring.devtools.add-properties' to 'false' to disable
2025-09-13T14:49:59.845+02:00  INFO 14288 --- [Backend-ArticoliSportivi] [restartedMain] .e.DevToolsPropertyDefaultsPostProcessor : For additional web related logging consider setting the 'logging.level.web' property to 'DEBUG'
2025-09-13T14:50:00.824+02:00  INFO 14288 --- [Backend-ArticoliSportivi] [restartedMain] .s.d.r.c.RepositoryConfigurationDelegate : Multiple Spring Data modules found, entering strict repository configuration mode
2025-09-13T14:50:00.825+02:00  INFO 14288 --- [Backend-ArticoliSportivi] [restartedMain] .s.d.r.c.RepositoryConfigurationDelegate : Bootstrapping Spring Data JDBC repositories in DEFAULT mode.
2025-09-13T14:50:00.863+02:00  INFO 14288 --- [Backend-ArticoliSportivi] [restartedMain] .RepositoryConfigurationExtensionSupport : Spring Data JDBC - Could not safely identify store assignment for repository candidate interface com.betacom.jpa.repositories.IArticoloRepository; If you want this repository to be a JDBC repository, consider annotating your entities with one of these annotations: org.springframework.data.relational.core.mapping.Table.
2025-09-13T14:50:00.864+02:00  INFO 14288 --- [Backend-ArticoliSportivi] [restartedMain] .RepositoryConfigurationExtensionSupport : Spring Data JDBC - Could not safely identify store assignment for repository candidate interface com.betacom.jpa.repositories.ICarrelloItemRepository; If you want this repository to be a JDBC repository, consider annotating your entities with one of these annotations: org.springframework.data.relational.core.mapping.Table.
2025-09-13T14:50:00.867+02:00  INFO 14288 --- [Backend-ArticoliSportivi] [restartedMain] .RepositoryConfigurationExtensionSupport : Spring Data JDBC - Could not safely identify store assignment for repository candidate interface com.betacom.jpa.repositories.ICarrelloRepository; If you want this repository to be a JDBC repository, consider annotating your entities with one of these annotations: org.springframework.data.relational.core.mapping.Table.
2025-09-13T14:50:00.869+02:00  INFO 14288 --- [Backend-ArticoliSportivi] [restartedMain] .RepositoryConfigurationExtensionSupport : Spring Data JDBC - Could not safely identify store assignment for repository candidate interface com.betacom.jpa.repositories.ICategoriaRepository; If you want this repository to be a JDBC repository, consider annotating your entities with one of these annotations: org.springframework.data.relational.core.mapping.Table.
2025-09-13T14:50:00.870+02:00  INFO 14288 --- [Backend-ArticoliSportivi] [restartedMain] .RepositoryConfigurationExtensionSupport : Spring Data JDBC - Could not safely identify store assignment for repository candidate interface com.betacom.jpa.repositories.IGenereRepository; If you want this repository to be a JDBC repository, consider annotating your entities with one of these annotations: org.springframework.data.relational.core.mapping.Table.
2025-09-13T14:50:00.873+02:00  INFO 14288 --- [Backend-ArticoliSportivi] [restartedMain] .RepositoryConfigurationExtensionSupport : Spring Data JDBC - Could not safely identify store assignment for repository candidate interface com.betacom.jpa.repositories.IMarcaRepository; If you want this repository to be a JDBC repository, consider annotating your entities with one of these annotations: org.springframework.data.relational.core.mapping.Table.
2025-09-13T14:50:00.874+02:00  INFO 14288 --- [Backend-ArticoliSportivi] [restartedMain] .RepositoryConfigurationExtensionSupport : Spring Data JDBC - Could not safely identify store assignment for repository candidate interface com.betacom.jpa.repositories.IUtenteRepository; If you want this repository to be a JDBC repository, consider annotating your entities with one of these annotations: org.springframework.data.relational.core.mapping.Table.
2025-09-13T14:50:00.876+02:00  INFO 14288 --- [Backend-ArticoliSportivi] [restartedMain] .s.d.r.c.RepositoryConfigurationDelegate : Finished Spring Data repository scanning in 43 ms. Found 0 JDBC repository interfaces.
2025-09-13T14:50:00.887+02:00  INFO 14288 --- [Backend-ArticoliSportivi] [restartedMain] .s.d.r.c.RepositoryConfigurationDelegate : Multiple Spring Data modules found, entering strict repository configuration mode
2025-09-13T14:50:00.888+02:00  INFO 14288 --- [Backend-ArticoliSportivi] [restartedMain] .s.d.r.c.RepositoryConfigurationDelegate : Bootstrapping Spring Data JPA repositories in DEFAULT mode.
2025-09-13T14:50:00.933+02:00  INFO 14288 --- [Backend-ArticoliSportivi] [restartedMain] .s.d.r.c.RepositoryConfigurationDelegate : Finished Spring Data repository scanning in 39 ms. Found 7 JPA repository interfaces.
2025-09-13T14:50:01.426+02:00  INFO 14288 --- [Backend-ArticoliSportivi] [restartedMain] o.s.b.w.embedded.tomcat.TomcatWebServer  : Tomcat initialized with port 9090 (http)
2025-09-13T14:50:01.443+02:00  INFO 14288 --- [Backend-ArticoliSportivi] [restartedMain] o.apache.catalina.core.StandardService   : Starting service [Tomcat]
2025-09-13T14:50:01.444+02:00  INFO 14288 --- [Backend-ArticoliSportivi] [restartedMain] o.apache.catalina.core.StandardEngine    : Starting Servlet engine: [Apache Tomcat/10.1.44]
2025-09-13T14:50:01.491+02:00  INFO 14288 --- [Backend-ArticoliSportivi] [restartedMain] o.a.c.c.C.[Tomcat].[localhost].[/]       : Initializing Spring embedded WebApplicationContext
2025-09-13T14:50:01.492+02:00  INFO 14288 --- [Backend-ArticoliSportivi] [restartedMain] w.s.c.ServletWebServerApplicationContext : Root WebApplicationContext: initialization completed in 1646 ms
2025-09-13T14:50:01.611+02:00  INFO 14288 --- [Backend-ArticoliSportivi] [restartedMain] com.zaxxer.hikari.HikariDataSource       : HikariPool-1 - Starting...
2025-09-13T14:50:01.782+02:00  INFO 14288 --- [Backend-ArticoliSportivi] [restartedMain] com.zaxxer.hikari.pool.HikariPool        : HikariPool-1 - Added connection org.postgresql.jdbc.PgConnection@58264631
2025-09-13T14:50:01.783+02:00  INFO 14288 --- [Backend-ArticoliSportivi] [restartedMain] com.zaxxer.hikari.HikariDataSource       : HikariPool-1 - Start completed.
2025-09-13T14:50:01.817+02:00  INFO 14288 --- [Backend-ArticoliSportivi] [restartedMain] o.hibernate.jpa.internal.util.LogHelper  : HHH000204: Processing PersistenceUnitInfo [name: default]
2025-09-13T14:50:01.871+02:00  INFO 14288 --- [Backend-ArticoliSportivi] [restartedMain] org.hibernate.Version                    : HHH000412: Hibernate ORM core version 6.6.26.Final
2025-09-13T14:50:01.910+02:00  INFO 14288 --- [Backend-ArticoliSportivi] [restartedMain] o.h.c.internal.RegionFactoryInitiator    : HHH000026: Second-level cache disabled
2025-09-13T14:50:02.210+02:00  INFO 14288 --- [Backend-ArticoliSportivi] [restartedMain] o.s.o.j.p.SpringPersistenceUnitInfo      : No LoadTimeWeaver setup: ignoring JPA class transformer
2025-09-13T14:50:02.306+02:00  INFO 14288 --- [Backend-ArticoliSportivi] [restartedMain] org.hibernate.orm.connections.pooling    : HHH10001005: Database info:
	Database JDBC URL [Connecting through datasource 'HikariDataSource (HikariPool-1)']
	Database driver: undefined/unknown
	Database version: 16.3
	Autocommit mode: undefined/unknown
	Isolation level: undefined/unknown
	Minimum pool size: undefined/unknown
	Maximum pool size: undefined/unknown
2025-09-13T14:50:03.134+02:00  INFO 14288 --- [Backend-ArticoliSportivi] [restartedMain] o.h.e.t.j.p.i.JtaPlatformInitiator       : HHH000489: No JTA platform available (set 'hibernate.transaction.jta.platform' to enable JTA platform integration)
2025-09-13T14:50:03.166+02:00  INFO 14288 --- [Backend-ArticoliSportivi] [restartedMain] j.LocalContainerEntityManagerFactoryBean : Initialized JPA EntityManagerFactory for persistence unit 'default'
2025-09-13T14:50:03.626+02:00  WARN 14288 --- [Backend-ArticoliSportivi] [restartedMain] JpaBaseConfiguration$JpaWebConfiguration : spring.jpa.open-in-view is enabled by default. Therefore, database queries may be performed during view rendering. Explicitly configure spring.jpa.open-in-view to disable this warning
2025-09-13T14:50:03.695+02:00  WARN 14288 --- [Backend-ArticoliSportivi] [restartedMain] ConfigServletWebServerApplicationContext : Exception encountered during context initialization - cancelling refresh attempt: org.springframework.beans.factory.BeanCreationException: Error creating bean with name 'requestMappingHandlerMapping' defined in class path resource [org/springframework/boot/autoconfigure/web/servlet/WebMvcAutoConfiguration$EnableWebMvcConfiguration.class]: Ambiguous mapping. Cannot map 'articoloController' method 
com.betacom.jpa.controllers.ArticoloController#getByGenere(String)
to {GET [/rest/articolo/{categoria}]}: There is already 'articoloController' bean method
com.betacom.jpa.controllers.ArticoloController#getByCategoria(String) mapped.
2025-09-13T14:50:03.696+02:00  INFO 14288 --- [Backend-ArticoliSportivi] [restartedMain] j.LocalContainerEntityManagerFactoryBean : Closing JPA EntityManagerFactory for persistence unit 'default'
2025-09-13T14:50:03.700+02:00  INFO 14288 --- [Backend-ArticoliSportivi] [restartedMain] com.zaxxer.hikari.HikariDataSource       : HikariPool-1 - Shutdown initiated...
2025-09-13T14:50:03.703+02:00  INFO 14288 --- [Backend-ArticoliSportivi] [restartedMain] com.zaxxer.hikari.HikariDataSource       : HikariPool-1 - Shutdown completed.
2025-09-13T14:50:03.706+02:00  INFO 14288 --- [Backend-ArticoliSportivi] [restartedMain] o.apache.catalina.core.StandardService   : Stopping service [Tomcat]
2025-09-13T14:50:03.718+02:00  INFO 14288 --- [Backend-ArticoliSportivi] [restartedMain] .s.b.a.l.ConditionEvaluationReportLogger : 

Error starting ApplicationContext. To display the condition evaluation report re-run your application with 'debug' enabled.
2025-09-13T14:50:03.737+02:00 ERROR 14288 --- [Backend-ArticoliSportivi] [restartedMain] o.s.boot.SpringApplication               : Application run failed

org.springframework.beans.factory.BeanCreationException: Error creating bean with name 'requestMappingHandlerMapping' defined in class path resource [org/springframework/boot/autoconfigure/web/servlet/WebMvcAutoConfiguration$EnableWebMvcConfiguration.class]: Ambiguous mapping. Cannot map 'articoloController' method 
com.betacom.jpa.controllers.ArticoloController#getByGenere(String)
to {GET [/rest/articolo/{categoria}]}: There is already 'articoloController' bean method
com.betacom.jpa.controllers.ArticoloController#getByCategoria(String) mapped.
	at org.springframework.beans.factory.support.AbstractAutowireCapableBeanFactory.initializeBean(AbstractAutowireCapableBeanFactory.java:1826) ~[spring-beans-6.2.10.jar:6.2.10]
	at org.springframework.beans.factory.support.AbstractAutowireCapableBeanFactory.doCreateBean(AbstractAutowireCapableBeanFactory.java:607) ~[spring-beans-6.2.10.jar:6.2.10]
	at org.springframework.beans.factory.support.AbstractAutowireCapableBeanFactory.createBean(AbstractAutowireCapableBeanFactory.java:529) ~[spring-beans-6.2.10.jar:6.2.10]
	at org.springframework.beans.factory.support.AbstractBeanFactory.lambda$doGetBean$0(AbstractBeanFactory.java:339) ~[spring-beans-6.2.10.jar:6.2.10]
	at org.springframework.beans.factory.support.DefaultSingletonBeanRegistry.getSingleton(DefaultSingletonBeanRegistry.java:373) ~[spring-beans-6.2.10.jar:6.2.10]
	at org.springframework.beans.factory.support.AbstractBeanFactory.doGetBean(AbstractBeanFactory.java:337) ~[spring-beans-6.2.10.jar:6.2.10]
	at org.springframework.beans.factory.support.AbstractBeanFactory.getBean(AbstractBeanFactory.java:202) ~[spring-beans-6.2.10.jar:6.2.10]
	at org.springframework.beans.factory.support.DefaultListableBeanFactory.instantiateSingleton(DefaultListableBeanFactory.java:1222) ~[spring-beans-6.2.10.jar:6.2.10]
	at org.springframework.beans.factory.support.DefaultListableBeanFactory.preInstantiateSingleton(DefaultListableBeanFactory.java:1188) ~[spring-beans-6.2.10.jar:6.2.10]
	at org.springframework.beans.factory.support.DefaultListableBeanFactory.preInstantiateSingletons(DefaultListableBeanFactory.java:1123) ~[spring-beans-6.2.10.jar:6.2.10]
	at org.springframework.context.support.AbstractApplicationContext.finishBeanFactoryInitialization(AbstractApplicationContext.java:987) ~[spring-context-6.2.10.jar:6.2.10]
	at org.springframework.context.support.AbstractApplicationContext.refresh(AbstractApplicationContext.java:627) ~[spring-context-6.2.10.jar:6.2.10]
	at org.springframework.boot.web.servlet.context.ServletWebServerApplicationContext.refresh(ServletWebServerApplicationContext.java:146) ~[spring-boot-3.5.5.jar:3.5.5]
	at org.springframework.boot.SpringApplication.refresh(SpringApplication.java:752) ~[spring-boot-3.5.5.jar:3.5.5]
	at org.springframework.boot.SpringApplication.refreshContext(SpringApplication.java:439) ~[spring-boot-3.5.5.jar:3.5.5]
	at org.springframework.boot.SpringApplication.run(SpringApplication.java:318) ~[spring-boot-3.5.5.jar:3.5.5]
	at org.springframework.boot.SpringApplication.run(SpringApplication.java:1361) ~[spring-boot-3.5.5.jar:3.5.5]
	at org.springframework.boot.SpringApplication.run(SpringApplication.java:1350) ~[spring-boot-3.5.5.jar:3.5.5]
	at com.betacom.jpa.BackendArticoliSportiviApplication.main(BackendArticoliSportiviApplication.java:10) ~[classes/:na]
	at java.base/jdk.internal.reflect.DirectMethodHandleAccessor.invoke(DirectMethodHandleAccessor.java:103) ~[na:na]
	at java.base/java.lang.reflect.Method.invoke(Method.java:580) ~[na:na]
	at org.springframework.boot.devtools.restart.RestartLauncher.run(RestartLauncher.java:50) ~[spring-boot-devtools-3.5.5.jar:3.5.5]
Caused by: java.lang.IllegalStateException: Ambiguous mapping. Cannot map 'articoloController' method 
com.betacom.jpa.controllers.ArticoloController#getByGenere(String)
to {GET [/rest/articolo/{categoria}]}: There is already 'articoloController' bean method
com.betacom.jpa.controllers.ArticoloController#getByCategoria(String) mapped.
	at org.springframework.web.servlet.handler.AbstractHandlerMethodMapping$MappingRegistry.validateMethodMapping(AbstractHandlerMethodMapping.java:676) ~[spring-webmvc-6.2.10.jar:6.2.10]
	at org.springframework.web.servlet.handler.AbstractHandlerMethodMapping$MappingRegistry.register(AbstractHandlerMethodMapping.java:637) ~[spring-webmvc-6.2.10.jar:6.2.10]
	at org.springframework.web.servlet.handler.AbstractHandlerMethodMapping.registerHandlerMethod(AbstractHandlerMethodMapping.java:331) ~[spring-webmvc-6.2.10.jar:6.2.10]
	at org.springframework.web.servlet.mvc.method.annotation.RequestMappingHandlerMapping.registerHandlerMethod(RequestMappingHandlerMapping.java:507) ~[spring-webmvc-6.2.10.jar:6.2.10]
	at org.springframework.web.servlet.mvc.method.annotation.RequestMappingHandlerMapping.registerHandlerMethod(RequestMappingHandlerMapping.java:84) ~[spring-webmvc-6.2.10.jar:6.2.10]
	at org.springframework.web.servlet.handler.AbstractHandlerMethodMapping.lambda$detectHandlerMethods$2(AbstractHandlerMethodMapping.java:298) ~[spring-webmvc-6.2.10.jar:6.2.10]
	at java.base/java.util.LinkedHashMap.forEach(LinkedHashMap.java:986) ~[na:na]
	at org.springframework.web.servlet.handler.AbstractHandlerMethodMapping.detectHandlerMethods(AbstractHandlerMethodMapping.java:296) ~[spring-webmvc-6.2.10.jar:6.2.10]
	at org.springframework.web.servlet.handler.AbstractHandlerMethodMapping.processCandidateBean(AbstractHandlerMethodMapping.java:265) ~[spring-webmvc-6.2.10.jar:6.2.10]
	at org.springframework.web.servlet.handler.AbstractHandlerMethodMapping.initHandlerMethods(AbstractHandlerMethodMapping.java:224) ~[spring-webmvc-6.2.10.jar:6.2.10]
	at org.springframework.web.servlet.handler.AbstractHandlerMethodMapping.afterPropertiesSet(AbstractHandlerMethodMapping.java:212) ~[spring-webmvc-6.2.10.jar:6.2.10]
	at org.springframework.web.servlet.mvc.method.annotation.RequestMappingHandlerMapping.afterPropertiesSet(RequestMappingHandlerMapping.java:237) ~[spring-webmvc-6.2.10.jar:6.2.10]
	at org.springframework.beans.factory.support.AbstractAutowireCapableBeanFactory.invokeInitMethods(AbstractAutowireCapableBeanFactory.java:1873) ~[spring-beans-6.2.10.jar:6.2.10]
	at org.springframework.beans.factory.support.AbstractAutowireCapableBeanFactory.initializeBean(AbstractAutowireCapableBeanFactory.java:1822) ~[spring-beans-6.2.10.jar:6.2.10]
	... 21 common frames omitted

2025-09-13T14:50:24.161+02:00  INFO 784 --- [Backend-ArticoliSportivi] [restartedMain] c.b.j.BackendArticoliSportiviApplication : Starting BackendArticoliSportiviApplication using Java 21.0.7 with PID 784 (C:\Users\crist\eclipse-workspace\Backend_articoli_sportivi\target\classes started by crist in C:\Users\crist\eclipse-workspace\Backend_articoli_sportivi)
2025-09-13T14:50:24.162+02:00 DEBUG 784 --- [Backend-ArticoliSportivi] [restartedMain] c.b.j.BackendArticoliSportiviApplication : Running with Spring Boot v3.5.5, Spring v6.2.10
2025-09-13T14:50:24.163+02:00  INFO 784 --- [Backend-ArticoliSportivi] [restartedMain] c.b.j.BackendArticoliSportiviApplication : No active profile set, falling back to 1 default profile: "default"
2025-09-13T14:50:24.204+02:00  INFO 784 --- [Backend-ArticoliSportivi] [restartedMain] .e.DevToolsPropertyDefaultsPostProcessor : Devtools property defaults active! Set 'spring.devtools.add-properties' to 'false' to disable
2025-09-13T14:50:24.204+02:00  INFO 784 --- [Backend-ArticoliSportivi] [restartedMain] .e.DevToolsPropertyDefaultsPostProcessor : For additional web related logging consider setting the 'logging.level.web' property to 'DEBUG'
2025-09-13T14:50:24.845+02:00  INFO 784 --- [Backend-ArticoliSportivi] [restartedMain] .s.d.r.c.RepositoryConfigurationDelegate : Multiple Spring Data modules found, entering strict repository configuration mode
2025-09-13T14:50:24.846+02:00  INFO 784 --- [Backend-ArticoliSportivi] [restartedMain] .s.d.r.c.RepositoryConfigurationDelegate : Bootstrapping Spring Data JDBC repositories in DEFAULT mode.
2025-09-13T14:50:24.877+02:00  INFO 784 --- [Backend-ArticoliSportivi] [restartedMain] .RepositoryConfigurationExtensionSupport : Spring Data JDBC - Could not safely identify store assignment for repository candidate interface com.betacom.jpa.repositories.IArticoloRepository; If you want this repository to be a JDBC repository, consider annotating your entities with one of these annotations: org.springframework.data.relational.core.mapping.Table.
2025-09-13T14:50:24.879+02:00  INFO 784 --- [Backend-ArticoliSportivi] [restartedMain] .RepositoryConfigurationExtensionSupport : Spring Data JDBC - Could not safely identify store assignment for repository candidate interface com.betacom.jpa.repositories.ICarrelloItemRepository; If you want this repository to be a JDBC repository, consider annotating your entities with one of these annotations: org.springframework.data.relational.core.mapping.Table.
2025-09-13T14:50:24.880+02:00  INFO 784 --- [Backend-ArticoliSportivi] [restartedMain] .RepositoryConfigurationExtensionSupport : Spring Data JDBC - Could not safely identify store assignment for repository candidate interface com.betacom.jpa.repositories.ICarrelloRepository; If you want this repository to be a JDBC repository, consider annotating your entities with one of these annotations: org.springframework.data.relational.core.mapping.Table.
2025-09-13T14:50:24.881+02:00  INFO 784 --- [Backend-ArticoliSportivi] [restartedMain] .RepositoryConfigurationExtensionSupport : Spring Data JDBC - Could not safely identify store assignment for repository candidate interface com.betacom.jpa.repositories.ICategoriaRepository; If you want this repository to be a JDBC repository, consider annotating your entities with one of these annotations: org.springframework.data.relational.core.mapping.Table.
2025-09-13T14:50:24.882+02:00  INFO 784 --- [Backend-ArticoliSportivi] [restartedMain] .RepositoryConfigurationExtensionSupport : Spring Data JDBC - Could not safely identify store assignment for repository candidate interface com.betacom.jpa.repositories.IGenereRepository; If you want this repository to be a JDBC repository, consider annotating your entities with one of these annotations: org.springframework.data.relational.core.mapping.Table.
2025-09-13T14:50:24.883+02:00  INFO 784 --- [Backend-ArticoliSportivi] [restartedMain] .RepositoryConfigurationExtensionSupport : Spring Data JDBC - Could not safely identify store assignment for repository candidate interface com.betacom.jpa.repositories.IMarcaRepository; If you want this repository to be a JDBC repository, consider annotating your entities with one of these annotations: org.springframework.data.relational.core.mapping.Table.
2025-09-13T14:50:24.884+02:00  INFO 784 --- [Backend-ArticoliSportivi] [restartedMain] .RepositoryConfigurationExtensionSupport : Spring Data JDBC - Could not safely identify store assignment for repository candidate interface com.betacom.jpa.repositories.IUtenteRepository; If you want this repository to be a JDBC repository, consider annotating your entities with one of these annotations: org.springframework.data.relational.core.mapping.Table.
2025-09-13T14:50:24.885+02:00  INFO 784 --- [Backend-ArticoliSportivi] [restartedMain] .s.d.r.c.RepositoryConfigurationDelegate : Finished Spring Data repository scanning in 32 ms. Found 0 JDBC repository interfaces.
2025-09-13T14:50:24.894+02:00  INFO 784 --- [Backend-ArticoliSportivi] [restartedMain] .s.d.r.c.RepositoryConfigurationDelegate : Multiple Spring Data modules found, entering strict repository configuration mode
2025-09-13T14:50:24.894+02:00  INFO 784 --- [Backend-ArticoliSportivi] [restartedMain] .s.d.r.c.RepositoryConfigurationDelegate : Bootstrapping Spring Data JPA repositories in DEFAULT mode.
2025-09-13T14:50:24.931+02:00  INFO 784 --- [Backend-ArticoliSportivi] [restartedMain] .s.d.r.c.RepositoryConfigurationDelegate : Finished Spring Data repository scanning in 32 ms. Found 7 JPA repository interfaces.
2025-09-13T14:50:25.308+02:00  INFO 784 --- [Backend-ArticoliSportivi] [restartedMain] o.s.b.w.embedded.tomcat.TomcatWebServer  : Tomcat initialized with port 9090 (http)
2025-09-13T14:50:25.323+02:00  INFO 784 --- [Backend-ArticoliSportivi] [restartedMain] o.apache.catalina.core.StandardService   : Starting service [Tomcat]
2025-09-13T14:50:25.323+02:00  INFO 784 --- [Backend-ArticoliSportivi] [restartedMain] o.apache.catalina.core.StandardEngine    : Starting Servlet engine: [Apache Tomcat/10.1.44]
2025-09-13T14:50:25.366+02:00  INFO 784 --- [Backend-ArticoliSportivi] [restartedMain] o.a.c.c.C.[Tomcat].[localhost].[/]       : Initializing Spring embedded WebApplicationContext
2025-09-13T14:50:25.366+02:00  INFO 784 --- [Backend-ArticoliSportivi] [restartedMain] w.s.c.ServletWebServerApplicationContext : Root WebApplicationContext: initialization completed in 1161 ms
2025-09-13T14:50:25.472+02:00  INFO 784 --- [Backend-ArticoliSportivi] [restartedMain] com.zaxxer.hikari.HikariDataSource       : HikariPool-1 - Starting...
2025-09-13T14:50:25.619+02:00  INFO 784 --- [Backend-ArticoliSportivi] [restartedMain] com.zaxxer.hikari.pool.HikariPool        : HikariPool-1 - Added connection org.postgresql.jdbc.PgConnection@7e1315dd
2025-09-13T14:50:25.621+02:00  INFO 784 --- [Backend-ArticoliSportivi] [restartedMain] com.zaxxer.hikari.HikariDataSource       : HikariPool-1 - Start completed.
2025-09-13T14:50:25.652+02:00  INFO 784 --- [Backend-ArticoliSportivi] [restartedMain] o.hibernate.jpa.internal.util.LogHelper  : HHH000204: Processing PersistenceUnitInfo [name: default]
2025-09-13T14:50:25.692+02:00  INFO 784 --- [Backend-ArticoliSportivi] [restartedMain] org.hibernate.Version                    : HHH000412: Hibernate ORM core version 6.6.26.Final
2025-09-13T14:50:25.720+02:00  INFO 784 --- [Backend-ArticoliSportivi] [restartedMain] o.h.c.internal.RegionFactoryInitiator    : HHH000026: Second-level cache disabled
2025-09-13T14:50:25.950+02:00  INFO 784 --- [Backend-ArticoliSportivi] [restartedMain] o.s.o.j.p.SpringPersistenceUnitInfo      : No LoadTimeWeaver setup: ignoring JPA class transformer
2025-09-13T14:50:26.025+02:00  INFO 784 --- [Backend-ArticoliSportivi] [restartedMain] org.hibernate.orm.connections.pooling    : HHH10001005: Database info:
	Database JDBC URL [Connecting through datasource 'HikariDataSource (HikariPool-1)']
	Database driver: undefined/unknown
	Database version: 16.3
	Autocommit mode: undefined/unknown
	Isolation level: undefined/unknown
	Minimum pool size: undefined/unknown
	Maximum pool size: undefined/unknown
2025-09-13T14:50:26.812+02:00  INFO 784 --- [Backend-ArticoliSportivi] [restartedMain] o.h.e.t.j.p.i.JtaPlatformInitiator       : HHH000489: No JTA platform available (set 'hibernate.transaction.jta.platform' to enable JTA platform integration)
2025-09-13T14:50:26.833+02:00  INFO 784 --- [Backend-ArticoliSportivi] [restartedMain] j.LocalContainerEntityManagerFactoryBean : Initialized JPA EntityManagerFactory for persistence unit 'default'
2025-09-13T14:50:27.277+02:00  WARN 784 --- [Backend-ArticoliSportivi] [restartedMain] JpaBaseConfiguration$JpaWebConfiguration : spring.jpa.open-in-view is enabled by default. Therefore, database queries may be performed during view rendering. Explicitly configure spring.jpa.open-in-view to disable this warning
2025-09-13T14:50:27.739+02:00  INFO 784 --- [Backend-ArticoliSportivi] [restartedMain] o.s.b.d.a.OptionalLiveReloadServer       : LiveReload server is running on port 35729
2025-09-13T14:50:27.772+02:00  INFO 784 --- [Backend-ArticoliSportivi] [restartedMain] o.s.b.w.embedded.tomcat.TomcatWebServer  : Tomcat started on port 9090 (http) with context path '/'
2025-09-13T14:50:27.779+02:00  INFO 784 --- [Backend-ArticoliSportivi] [restartedMain] c.b.j.BackendArticoliSportiviApplication : Started BackendArticoliSportiviApplication in 3.968 seconds (process running for 4.534)
2025-09-13T14:50:34.289+02:00  INFO 784 --- [Backend-ArticoliSportivi] [http-nio-9090-exec-1] o.a.c.c.C.[Tomcat].[localhost].[/]       : Initializing Spring DispatcherServlet 'dispatcherServlet'
2025-09-13T14:50:34.289+02:00  INFO 784 --- [Backend-ArticoliSportivi] [http-nio-9090-exec-1] o.s.web.servlet.DispatcherServlet        : Initializing Servlet 'dispatcherServlet'
2025-09-13T14:50:34.290+02:00  INFO 784 --- [Backend-ArticoliSportivi] [http-nio-9090-exec-1] o.s.web.servlet.DispatcherServlet        : Completed initialization in 1 ms
2025-09-13T14:50:34.849+02:00  INFO 784 --- [Backend-ArticoliSportivi] [http-nio-9090-exec-4] o.springdoc.api.AbstractOpenApiResource  : Init duration for springdoc-openapi is: 253 ms
2025-09-13T14:52:23.220+02:00 DEBUG 784 --- [Backend-ArticoliSportivi] [http-nio-9090-exec-7] c.b.j.s.implementations.ArticoloImpl     : Create Scarpa: ArticoloScarpaReq(id=0, nomeArticolo=air max, genere=uomo, marca=nike, categoria=sportiva, prezzo=100.0, descrizione=belle, tagliaScarpe=42)
2025-09-13T14:53:11.272+02:00 DEBUG 784 --- [Backend-ArticoliSportivi] [http-nio-9090-exec-9] c.b.j.s.implementations.MarcaImpl        : Create Marca: MarcaReq(id=0, nome=nike)
2025-09-13T14:53:35.095+02:00 DEBUG 784 --- [Backend-ArticoliSportivi] [http-nio-9090-exec-1] c.b.j.s.implementations.ArticoloImpl     : Create Scarpa: ArticoloScarpaReq(id=0, nomeArticolo=air max, genere=uomo, marca=nike, categoria=sportiva, prezzo=100.0, descrizione=belle, tagliaScarpe=42)
2025-09-13T14:54:01.565+02:00 ERROR 784 --- [Backend-ArticoliSportivi] [http-nio-9090-exec-2] o.a.c.c.C.[.[.[/].[dispatcherServlet]    : Servlet.service() for servlet [dispatcherServlet] in context with path [] threw exception [Request processing failed: java.lang.IllegalStateException: Ambiguous handler methods mapped for '/rest/articolo/%7Bgenere%7D': {public com.betacom.jpa.response.ResponseList com.betacom.jpa.controllers.ArticoloController.getByGenere(java.lang.String), public com.betacom.jpa.response.ResponseList com.betacom.jpa.controllers.ArticoloController.getByCategoria(java.lang.String)}] with root cause

java.lang.IllegalStateException: Ambiguous handler methods mapped for '/rest/articolo/%7Bgenere%7D': {public com.betacom.jpa.response.ResponseList com.betacom.jpa.controllers.ArticoloController.getByGenere(java.lang.String), public com.betacom.jpa.response.ResponseList com.betacom.jpa.controllers.ArticoloController.getByCategoria(java.lang.String)}
	at org.springframework.web.servlet.handler.AbstractHandlerMethodMapping.lookupHandlerMethod(AbstractHandlerMethodMapping.java:431) ~[spring-webmvc-6.2.10.jar:6.2.10]
	at org.springframework.web.servlet.handler.AbstractHandlerMethodMapping.getHandlerInternal(AbstractHandlerMethodMapping.java:382) ~[spring-webmvc-6.2.10.jar:6.2.10]
	at org.springframework.web.servlet.mvc.method.RequestMappingInfoHandlerMapping.getHandlerInternal(RequestMappingInfoHandlerMapping.java:127) ~[spring-webmvc-6.2.10.jar:6.2.10]
	at org.springframework.web.servlet.mvc.method.RequestMappingInfoHandlerMapping.getHandlerInternal(RequestMappingInfoHandlerMapping.java:68) ~[spring-webmvc-6.2.10.jar:6.2.10]
	at org.springframework.web.servlet.handler.AbstractHandlerMapping.getHandler(AbstractHandlerMapping.java:509) ~[spring-webmvc-6.2.10.jar:6.2.10]
	at org.springframework.web.servlet.DispatcherServlet.getHandler(DispatcherServlet.java:1284) ~[spring-webmvc-6.2.10.jar:6.2.10]
	at org.springframework.web.servlet.DispatcherServlet.doDispatch(DispatcherServlet.java:1065) ~[spring-webmvc-6.2.10.jar:6.2.10]
	at org.springframework.web.servlet.DispatcherServlet.doService(DispatcherServlet.java:979) ~[spring-webmvc-6.2.10.jar:6.2.10]
	at org.springframework.web.servlet.FrameworkServlet.processRequest(FrameworkServlet.java:1014) ~[spring-webmvc-6.2.10.jar:6.2.10]
	at org.springframework.web.servlet.FrameworkServlet.doGet(FrameworkServlet.java:903) ~[spring-webmvc-6.2.10.jar:6.2.10]
	at jakarta.servlet.http.HttpServlet.service(HttpServlet.java:564) ~[tomcat-embed-core-10.1.44.jar:6.0]
	at org.springframework.web.servlet.FrameworkServlet.service(FrameworkServlet.java:885) ~[spring-webmvc-6.2.10.jar:6.2.10]
	at jakarta.servlet.http.HttpServlet.service(HttpServlet.java:658) ~[tomcat-embed-core-10.1.44.jar:6.0]
	at org.apache.catalina.core.ApplicationFilterChain.internalDoFilter(ApplicationFilterChain.java:195) ~[tomcat-embed-core-10.1.44.jar:10.1.44]
	at org.apache.catalina.core.ApplicationFilterChain.doFilter(ApplicationFilterChain.java:140) ~[tomcat-embed-core-10.1.44.jar:10.1.44]
	at org.apache.tomcat.websocket.server.WsFilter.doFilter(WsFilter.java:51) ~[tomcat-embed-websocket-10.1.44.jar:10.1.44]
	at org.apache.catalina.core.ApplicationFilterChain.internalDoFilter(ApplicationFilterChain.java:164) ~[tomcat-embed-core-10.1.44.jar:10.1.44]
	at org.apache.catalina.core.ApplicationFilterChain.doFilter(ApplicationFilterChain.java:140) ~[tomcat-embed-core-10.1.44.jar:10.1.44]
	at org.springframework.web.filter.RequestContextFilter.doFilterInternal(RequestContextFilter.java:100) ~[spring-web-6.2.10.jar:6.2.10]
	at org.springframework.web.filter.OncePerRequestFilter.doFilter(OncePerRequestFilter.java:116) ~[spring-web-6.2.10.jar:6.2.10]
	at org.apache.catalina.core.ApplicationFilterChain.internalDoFilter(ApplicationFilterChain.java:164) ~[tomcat-embed-core-10.1.44.jar:10.1.44]
	at org.apache.catalina.core.ApplicationFilterChain.doFilter(ApplicationFilterChain.java:140) ~[tomcat-embed-core-10.1.44.jar:10.1.44]
	at org.springframework.web.filter.FormContentFilter.doFilterInternal(FormContentFilter.java:93) ~[spring-web-6.2.10.jar:6.2.10]
	at org.springframework.web.filter.OncePerRequestFilter.doFilter(OncePerRequestFilter.java:116) ~[spring-web-6.2.10.jar:6.2.10]
	at org.apache.catalina.core.ApplicationFilterChain.internalDoFilter(ApplicationFilterChain.java:164) ~[tomcat-embed-core-10.1.44.jar:10.1.44]
	at org.apache.catalina.core.ApplicationFilterChain.doFilter(ApplicationFilterChain.java:140) ~[tomcat-embed-core-10.1.44.jar:10.1.44]
	at org.springframework.web.filter.CharacterEncodingFilter.doFilterInternal(CharacterEncodingFilter.java:201) ~[spring-web-6.2.10.jar:6.2.10]
	at org.springframework.web.filter.OncePerRequestFilter.doFilter(OncePerRequestFilter.java:116) ~[spring-web-6.2.10.jar:6.2.10]
	at org.apache.catalina.core.ApplicationFilterChain.internalDoFilter(ApplicationFilterChain.java:164) ~[tomcat-embed-core-10.1.44.jar:10.1.44]
	at org.apache.catalina.core.ApplicationFilterChain.doFilter(ApplicationFilterChain.java:140) ~[tomcat-embed-core-10.1.44.jar:10.1.44]
	at org.apache.catalina.core.StandardWrapperValve.invoke(StandardWrapperValve.java:167) ~[tomcat-embed-core-10.1.44.jar:10.1.44]
	at org.apache.catalina.core.StandardContextValve.invoke(StandardContextValve.java:90) ~[tomcat-embed-core-10.1.44.jar:10.1.44]
	at org.apache.catalina.authenticator.AuthenticatorBase.invoke(AuthenticatorBase.java:483) ~[tomcat-embed-core-10.1.44.jar:10.1.44]
	at org.apache.catalina.core.StandardHostValve.invoke(StandardHostValve.java:116) ~[tomcat-embed-core-10.1.44.jar:10.1.44]
	at org.apache.catalina.valves.ErrorReportValve.invoke(ErrorReportValve.java:93) ~[tomcat-embed-core-10.1.44.jar:10.1.44]
	at org.apache.catalina.core.StandardEngineValve.invoke(StandardEngineValve.java:74) ~[tomcat-embed-core-10.1.44.jar:10.1.44]
	at org.apache.catalina.connector.CoyoteAdapter.service(CoyoteAdapter.java:344) ~[tomcat-embed-core-10.1.44.jar:10.1.44]
	at org.apache.coyote.http11.Http11Processor.service(Http11Processor.java:398) ~[tomcat-embed-core-10.1.44.jar:10.1.44]
	at org.apache.coyote.AbstractProcessorLight.process(AbstractProcessorLight.java:63) ~[tomcat-embed-core-10.1.44.jar:10.1.44]
	at org.apache.coyote.AbstractProtocol$ConnectionHandler.process(AbstractProtocol.java:903) ~[tomcat-embed-core-10.1.44.jar:10.1.44]
	at org.apache.tomcat.util.net.NioEndpoint$SocketProcessor.doRun(NioEndpoint.java:1769) ~[tomcat-embed-core-10.1.44.jar:10.1.44]
	at org.apache.tomcat.util.net.SocketProcessorBase.run(SocketProcessorBase.java:52) ~[tomcat-embed-core-10.1.44.jar:10.1.44]
	at org.apache.tomcat.util.threads.ThreadPoolExecutor.runWorker(ThreadPoolExecutor.java:1189) ~[tomcat-embed-core-10.1.44.jar:10.1.44]
	at org.apache.tomcat.util.threads.ThreadPoolExecutor$Worker.run(ThreadPoolExecutor.java:658) ~[tomcat-embed-core-10.1.44.jar:10.1.44]
	at org.apache.tomcat.util.threads.TaskThread$WrappingRunnable.run(TaskThread.java:63) ~[tomcat-embed-core-10.1.44.jar:10.1.44]
	at java.base/java.lang.Thread.run(Thread.java:1583) ~[na:na]

2025-09-13T14:56:48.632+02:00  INFO 784 --- [Backend-ArticoliSportivi] [File Watcher] rtingClassPathChangeChangedEventListener : Restarting due to 1 class path change (0 additions, 0 deletions, 1 modification)
2025-09-13T14:56:48.634+02:00  INFO 784 --- [Backend-ArticoliSportivi] [Thread-5] o.s.b.w.e.tomcat.GracefulShutdown        : Commencing graceful shutdown. Waiting for active requests to complete
2025-09-13T14:56:48.641+02:00  INFO 784 --- [Backend-ArticoliSportivi] [tomcat-shutdown] o.s.b.w.e.tomcat.GracefulShutdown        : Graceful shutdown complete
2025-09-13T14:56:48.644+02:00  INFO 784 --- [Backend-ArticoliSportivi] [Thread-5] j.LocalContainerEntityManagerFactoryBean : Closing JPA EntityManagerFactory for persistence unit 'default'
2025-09-13T14:56:48.647+02:00  INFO 784 --- [Backend-ArticoliSportivi] [Thread-5] com.zaxxer.hikari.HikariDataSource       : HikariPool-1 - Shutdown initiated...
2025-09-13T14:56:48.650+02:00  INFO 784 --- [Backend-ArticoliSportivi] [Thread-5] com.zaxxer.hikari.HikariDataSource       : HikariPool-1 - Shutdown completed.
2025-09-13T14:56:48.736+02:00  INFO 784 --- [Backend-ArticoliSportivi] [restartedMain] c.b.j.BackendArticoliSportiviApplication : Starting BackendArticoliSportiviApplication using Java 21.0.7 with PID 784 (C:\Users\crist\eclipse-workspace\Backend_articoli_sportivi\target\classes started by crist in C:\Users\crist\eclipse-workspace\Backend_articoli_sportivi)
2025-09-13T14:56:48.736+02:00 DEBUG 784 --- [Backend-ArticoliSportivi] [restartedMain] c.b.j.BackendArticoliSportiviApplication : Running with Spring Boot v3.5.5, Spring v6.2.10
2025-09-13T14:56:48.736+02:00  INFO 784 --- [Backend-ArticoliSportivi] [restartedMain] c.b.j.BackendArticoliSportiviApplication : No active profile set, falling back to 1 default profile: "default"
2025-09-13T14:56:48.942+02:00  INFO 784 --- [Backend-ArticoliSportivi] [restartedMain] .s.d.r.c.RepositoryConfigurationDelegate : Multiple Spring Data modules found, entering strict repository configuration mode
2025-09-13T14:56:48.942+02:00  INFO 784 --- [Backend-ArticoliSportivi] [restartedMain] .s.d.r.c.RepositoryConfigurationDelegate : Bootstrapping Spring Data JDBC repositories in DEFAULT mode.
2025-09-13T14:56:48.949+02:00  INFO 784 --- [Backend-ArticoliSportivi] [restartedMain] .RepositoryConfigurationExtensionSupport : Spring Data JDBC - Could not safely identify store assignment for repository candidate interface com.betacom.jpa.repositories.IArticoloRepository; If you want this repository to be a JDBC repository, consider annotating your entities with one of these annotations: org.springframework.data.relational.core.mapping.Table.
2025-09-13T14:56:48.950+02:00  INFO 784 --- [Backend-ArticoliSportivi] [restartedMain] .RepositoryConfigurationExtensionSupport : Spring Data JDBC - Could not safely identify store assignment for repository candidate interface com.betacom.jpa.repositories.ICarrelloItemRepository; If you want this repository to be a JDBC repository, consider annotating your entities with one of these annotations: org.springframework.data.relational.core.mapping.Table.
2025-09-13T14:56:48.950+02:00  INFO 784 --- [Backend-ArticoliSportivi] [restartedMain] .RepositoryConfigurationExtensionSupport : Spring Data JDBC - Could not safely identify store assignment for repository candidate interface com.betacom.jpa.repositories.ICarrelloRepository; If you want this repository to be a JDBC repository, consider annotating your entities with one of these annotations: org.springframework.data.relational.core.mapping.Table.
2025-09-13T14:56:48.951+02:00  INFO 784 --- [Backend-ArticoliSportivi] [restartedMain] .RepositoryConfigurationExtensionSupport : Spring Data JDBC - Could not safely identify store assignment for repository candidate interface com.betacom.jpa.repositories.ICategoriaRepository; If you want this repository to be a JDBC repository, consider annotating your entities with one of these annotations: org.springframework.data.relational.core.mapping.Table.
2025-09-13T14:56:48.953+02:00  INFO 784 --- [Backend-ArticoliSportivi] [restartedMain] .RepositoryConfigurationExtensionSupport : Spring Data JDBC - Could not safely identify store assignment for repository candidate interface com.betacom.jpa.repositories.IGenereRepository; If you want this repository to be a JDBC repository, consider annotating your entities with one of these annotations: org.springframework.data.relational.core.mapping.Table.
2025-09-13T14:56:48.954+02:00  INFO 784 --- [Backend-ArticoliSportivi] [restartedMain] .RepositoryConfigurationExtensionSupport : Spring Data JDBC - Could not safely identify store assignment for repository candidate interface com.betacom.jpa.repositories.IMarcaRepository; If you want this repository to be a JDBC repository, consider annotating your entities with one of these annotations: org.springframework.data.relational.core.mapping.Table.
2025-09-13T14:56:48.954+02:00  INFO 784 --- [Backend-ArticoliSportivi] [restartedMain] .RepositoryConfigurationExtensionSupport : Spring Data JDBC - Could not safely identify store assignment for repository candidate interface com.betacom.jpa.repositories.IUtenteRepository; If you want this repository to be a JDBC repository, consider annotating your entities with one of these annotations: org.springframework.data.relational.core.mapping.Table.
2025-09-13T14:56:48.955+02:00  INFO 784 --- [Backend-ArticoliSportivi] [restartedMain] .s.d.r.c.RepositoryConfigurationDelegate : Finished Spring Data repository scanning in 11 ms. Found 0 JDBC repository interfaces.
2025-09-13T14:56:48.957+02:00  INFO 784 --- [Backend-ArticoliSportivi] [restartedMain] .s.d.r.c.RepositoryConfigurationDelegate : Multiple Spring Data modules found, entering strict repository configuration mode
2025-09-13T14:56:48.958+02:00  INFO 784 --- [Backend-ArticoliSportivi] [restartedMain] .s.d.r.c.RepositoryConfigurationDelegate : Bootstrapping Spring Data JPA repositories in DEFAULT mode.
2025-09-13T14:56:48.973+02:00  INFO 784 --- [Backend-ArticoliSportivi] [restartedMain] .s.d.r.c.RepositoryConfigurationDelegate : Finished Spring Data repository scanning in 14 ms. Found 7 JPA repository interfaces.
2025-09-13T14:56:49.056+02:00  INFO 784 --- [Backend-ArticoliSportivi] [restartedMain] o.s.b.w.embedded.tomcat.TomcatWebServer  : Tomcat initialized with port 9090 (http)
2025-09-13T14:56:49.058+02:00  INFO 784 --- [Backend-ArticoliSportivi] [restartedMain] o.apache.catalina.core.StandardService   : Starting service [Tomcat]
2025-09-13T14:56:49.058+02:00  INFO 784 --- [Backend-ArticoliSportivi] [restartedMain] o.apache.catalina.core.StandardEngine    : Starting Servlet engine: [Apache Tomcat/10.1.44]
2025-09-13T14:56:49.085+02:00  INFO 784 --- [Backend-ArticoliSportivi] [restartedMain] o.a.c.c.C.[Tomcat].[localhost].[/]       : Initializing Spring embedded WebApplicationContext
2025-09-13T14:56:49.085+02:00  INFO 784 --- [Backend-ArticoliSportivi] [restartedMain] w.s.c.ServletWebServerApplicationContext : Root WebApplicationContext: initialization completed in 347 ms
2025-09-13T14:56:49.119+02:00  INFO 784 --- [Backend-ArticoliSportivi] [restartedMain] com.zaxxer.hikari.HikariDataSource       : HikariPool-2 - Starting...
2025-09-13T14:56:49.163+02:00  INFO 784 --- [Backend-ArticoliSportivi] [restartedMain] com.zaxxer.hikari.pool.HikariPool        : HikariPool-2 - Added connection org.postgresql.jdbc.PgConnection@16e11449
2025-09-13T14:56:49.163+02:00  INFO 784 --- [Backend-ArticoliSportivi] [restartedMain] com.zaxxer.hikari.HikariDataSource       : HikariPool-2 - Start completed.
2025-09-13T14:56:49.165+02:00  INFO 784 --- [Backend-ArticoliSportivi] [restartedMain] o.hibernate.jpa.internal.util.LogHelper  : HHH000204: Processing PersistenceUnitInfo [name: default]
2025-09-13T14:56:49.168+02:00  INFO 784 --- [Backend-ArticoliSportivi] [restartedMain] o.h.c.internal.RegionFactoryInitiator    : HHH000026: Second-level cache disabled
2025-09-13T14:56:49.175+02:00  INFO 784 --- [Backend-ArticoliSportivi] [restartedMain] o.s.o.j.p.SpringPersistenceUnitInfo      : No LoadTimeWeaver setup: ignoring JPA class transformer
2025-09-13T14:56:49.184+02:00  INFO 784 --- [Backend-ArticoliSportivi] [restartedMain] org.hibernate.orm.connections.pooling    : HHH10001005: Database info:
	Database JDBC URL [Connecting through datasource 'HikariDataSource (HikariPool-2)']
	Database driver: undefined/unknown
	Database version: 16.3
	Autocommit mode: undefined/unknown
	Isolation level: undefined/unknown
	Minimum pool size: undefined/unknown
	Maximum pool size: undefined/unknown
2025-09-13T14:56:49.278+02:00  INFO 784 --- [Backend-ArticoliSportivi] [restartedMain] o.h.e.t.j.p.i.JtaPlatformInitiator       : HHH000489: No JTA platform available (set 'hibernate.transaction.jta.platform' to enable JTA platform integration)
2025-09-13T14:56:49.281+02:00  INFO 784 --- [Backend-ArticoliSportivi] [restartedMain] j.LocalContainerEntityManagerFactoryBean : Initialized JPA EntityManagerFactory for persistence unit 'default'
2025-09-13T14:56:49.383+02:00  WARN 784 --- [Backend-ArticoliSportivi] [restartedMain] JpaBaseConfiguration$JpaWebConfiguration : spring.jpa.open-in-view is enabled by default. Therefore, database queries may be performed during view rendering. Explicitly configure spring.jpa.open-in-view to disable this warning
2025-09-13T14:56:49.544+02:00  INFO 784 --- [Backend-ArticoliSportivi] [restartedMain] o.s.b.d.a.OptionalLiveReloadServer       : LiveReload server is running on port 35729
2025-09-13T14:56:49.555+02:00  INFO 784 --- [Backend-ArticoliSportivi] [restartedMain] o.s.b.w.embedded.tomcat.TomcatWebServer  : Tomcat started on port 9090 (http) with context path '/'
2025-09-13T14:56:49.559+02:00  INFO 784 --- [Backend-ArticoliSportivi] [restartedMain] c.b.j.BackendArticoliSportiviApplication : Started BackendArticoliSportiviApplication in 0.85 seconds (process running for 386.314)
2025-09-13T14:56:49.560+02:00  INFO 784 --- [Backend-ArticoliSportivi] [restartedMain] .ConditionEvaluationDeltaLoggingListener : Condition evaluation unchanged
2025-09-13T14:57:00.845+02:00  INFO 784 --- [Backend-ArticoliSportivi] [http-nio-9090-exec-1] o.a.c.c.C.[Tomcat].[localhost].[/]       : Initializing Spring DispatcherServlet 'dispatcherServlet'
2025-09-13T14:57:00.845+02:00  INFO 784 --- [Backend-ArticoliSportivi] [http-nio-9090-exec-1] o.s.web.servlet.DispatcherServlet        : Initializing Servlet 'dispatcherServlet'
2025-09-13T14:57:00.847+02:00  INFO 784 --- [Backend-ArticoliSportivi] [http-nio-9090-exec-1] o.s.web.servlet.DispatcherServlet        : Completed initialization in 2 ms
2025-09-13T14:57:01.156+02:00  INFO 784 --- [Backend-ArticoliSportivi] [http-nio-9090-exec-4] o.springdoc.api.AbstractOpenApiResource  : Init duration for springdoc-openapi is: 106 ms
2025-09-13T14:57:07.341+02:00 DEBUG 784 --- [Backend-ArticoliSportivi] [http-nio-9090-exec-5] c.b.j.s.implementations.ArticoloImpl     : ListByGenere:altro
2025-09-13T14:57:18.868+02:00 DEBUG 784 --- [Backend-ArticoliSportivi] [http-nio-9090-exec-6] c.b.j.s.implementations.ArticoloImpl     : ListByGenere:uomo
2025-09-13T14:58:41.530+02:00  INFO 784 --- [Backend-ArticoliSportivi] [File Watcher] rtingClassPathChangeChangedEventListener : Restarting due to 3 class path changes (0 additions, 0 deletions, 3 modifications)
2025-09-13T14:58:41.531+02:00  INFO 784 --- [Backend-ArticoliSportivi] [Thread-7] o.s.b.w.e.tomcat.GracefulShutdown        : Commencing graceful shutdown. Waiting for active requests to complete
2025-09-13T14:58:41.536+02:00  INFO 784 --- [Backend-ArticoliSportivi] [tomcat-shutdown] o.s.b.w.e.tomcat.GracefulShutdown        : Graceful shutdown complete
2025-09-13T14:58:41.538+02:00  INFO 784 --- [Backend-ArticoliSportivi] [Thread-7] j.LocalContainerEntityManagerFactoryBean : Closing JPA EntityManagerFactory for persistence unit 'default'
2025-09-13T14:58:41.539+02:00  INFO 784 --- [Backend-ArticoliSportivi] [Thread-7] com.zaxxer.hikari.HikariDataSource       : HikariPool-2 - Shutdown initiated...
2025-09-13T14:58:41.541+02:00  INFO 784 --- [Backend-ArticoliSportivi] [Thread-7] com.zaxxer.hikari.HikariDataSource       : HikariPool-2 - Shutdown completed.
2025-09-13T14:58:41.619+02:00  INFO 784 --- [Backend-ArticoliSportivi] [restartedMain] c.b.j.BackendArticoliSportiviApplication : Starting BackendArticoliSportiviApplication using Java 21.0.7 with PID 784 (C:\Users\crist\eclipse-workspace\Backend_articoli_sportivi\target\classes started by crist in C:\Users\crist\eclipse-workspace\Backend_articoli_sportivi)
2025-09-13T14:58:41.619+02:00 DEBUG 784 --- [Backend-ArticoliSportivi] [restartedMain] c.b.j.BackendArticoliSportiviApplication : Running with Spring Boot v3.5.5, Spring v6.2.10
2025-09-13T14:58:41.619+02:00  INFO 784 --- [Backend-ArticoliSportivi] [restartedMain] c.b.j.BackendArticoliSportiviApplication : No active profile set, falling back to 1 default profile: "default"
2025-09-13T14:58:41.806+02:00  INFO 784 --- [Backend-ArticoliSportivi] [restartedMain] .s.d.r.c.RepositoryConfigurationDelegate : Multiple Spring Data modules found, entering strict repository configuration mode
2025-09-13T14:58:41.806+02:00  INFO 784 --- [Backend-ArticoliSportivi] [restartedMain] .s.d.r.c.RepositoryConfigurationDelegate : Bootstrapping Spring Data JDBC repositories in DEFAULT mode.
2025-09-13T14:58:41.813+02:00  INFO 784 --- [Backend-ArticoliSportivi] [restartedMain] .RepositoryConfigurationExtensionSupport : Spring Data JDBC - Could not safely identify store assignment for repository candidate interface com.betacom.jpa.repositories.IArticoloRepository; If you want this repository to be a JDBC repository, consider annotating your entities with one of these annotations: org.springframework.data.relational.core.mapping.Table.
2025-09-13T14:58:41.814+02:00  INFO 784 --- [Backend-ArticoliSportivi] [restartedMain] .RepositoryConfigurationExtensionSupport : Spring Data JDBC - Could not safely identify store assignment for repository candidate interface com.betacom.jpa.repositories.ICarrelloItemRepository; If you want this repository to be a JDBC repository, consider annotating your entities with one of these annotations: org.springframework.data.relational.core.mapping.Table.
2025-09-13T14:58:41.814+02:00  INFO 784 --- [Backend-ArticoliSportivi] [restartedMain] .RepositoryConfigurationExtensionSupport : Spring Data JDBC - Could not safely identify store assignment for repository candidate interface com.betacom.jpa.repositories.ICarrelloRepository; If you want this repository to be a JDBC repository, consider annotating your entities with one of these annotations: org.springframework.data.relational.core.mapping.Table.
2025-09-13T14:58:41.815+02:00  INFO 784 --- [Backend-ArticoliSportivi] [restartedMain] .RepositoryConfigurationExtensionSupport : Spring Data JDBC - Could not safely identify store assignment for repository candidate interface com.betacom.jpa.repositories.ICategoriaRepository; If you want this repository to be a JDBC repository, consider annotating your entities with one of these annotations: org.springframework.data.relational.core.mapping.Table.
2025-09-13T14:58:41.817+02:00  INFO 784 --- [Backend-ArticoliSportivi] [restartedMain] .RepositoryConfigurationExtensionSupport : Spring Data JDBC - Could not safely identify store assignment for repository candidate interface com.betacom.jpa.repositories.IGenereRepository; If you want this repository to be a JDBC repository, consider annotating your entities with one of these annotations: org.springframework.data.relational.core.mapping.Table.
2025-09-13T14:58:41.817+02:00  INFO 784 --- [Backend-ArticoliSportivi] [restartedMain] .RepositoryConfigurationExtensionSupport : Spring Data JDBC - Could not safely identify store assignment for repository candidate interface com.betacom.jpa.repositories.IMarcaRepository; If you want this repository to be a JDBC repository, consider annotating your entities with one of these annotations: org.springframework.data.relational.core.mapping.Table.
2025-09-13T14:58:41.818+02:00  INFO 784 --- [Backend-ArticoliSportivi] [restartedMain] .RepositoryConfigurationExtensionSupport : Spring Data JDBC - Could not safely identify store assignment for repository candidate interface com.betacom.jpa.repositories.IUtenteRepository; If you want this repository to be a JDBC repository, consider annotating your entities with one of these annotations: org.springframework.data.relational.core.mapping.Table.
2025-09-13T14:58:41.818+02:00  INFO 784 --- [Backend-ArticoliSportivi] [restartedMain] .s.d.r.c.RepositoryConfigurationDelegate : Finished Spring Data repository scanning in 10 ms. Found 0 JDBC repository interfaces.
2025-09-13T14:58:41.821+02:00  INFO 784 --- [Backend-ArticoliSportivi] [restartedMain] .s.d.r.c.RepositoryConfigurationDelegate : Multiple Spring Data modules found, entering strict repository configuration mode
2025-09-13T14:58:41.821+02:00  INFO 784 --- [Backend-ArticoliSportivi] [restartedMain] .s.d.r.c.RepositoryConfigurationDelegate : Bootstrapping Spring Data JPA repositories in DEFAULT mode.
2025-09-13T14:58:41.834+02:00  INFO 784 --- [Backend-ArticoliSportivi] [restartedMain] .s.d.r.c.RepositoryConfigurationDelegate : Finished Spring Data repository scanning in 12 ms. Found 7 JPA repository interfaces.
2025-09-13T14:58:41.895+02:00  INFO 784 --- [Backend-ArticoliSportivi] [restartedMain] o.s.b.w.embedded.tomcat.TomcatWebServer  : Tomcat initialized with port 9090 (http)
2025-09-13T14:58:41.896+02:00  INFO 784 --- [Backend-ArticoliSportivi] [restartedMain] o.apache.catalina.core.StandardService   : Starting service [Tomcat]
2025-09-13T14:58:41.896+02:00  INFO 784 --- [Backend-ArticoliSportivi] [restartedMain] o.apache.catalina.core.StandardEngine    : Starting Servlet engine: [Apache Tomcat/10.1.44]
2025-09-13T14:58:41.913+02:00  INFO 784 --- [Backend-ArticoliSportivi] [restartedMain] o.a.c.c.C.[Tomcat].[localhost].[/]       : Initializing Spring embedded WebApplicationContext
2025-09-13T14:58:41.913+02:00  INFO 784 --- [Backend-ArticoliSportivi] [restartedMain] w.s.c.ServletWebServerApplicationContext : Root WebApplicationContext: initialization completed in 293 ms
2025-09-13T14:58:41.938+02:00  INFO 784 --- [Backend-ArticoliSportivi] [restartedMain] com.zaxxer.hikari.HikariDataSource       : HikariPool-3 - Starting...
2025-09-13T14:58:41.981+02:00  INFO 784 --- [Backend-ArticoliSportivi] [restartedMain] com.zaxxer.hikari.pool.HikariPool        : HikariPool-3 - Added connection org.postgresql.jdbc.PgConnection@3b418644
2025-09-13T14:58:41.981+02:00  INFO 784 --- [Backend-ArticoliSportivi] [restartedMain] com.zaxxer.hikari.HikariDataSource       : HikariPool-3 - Start completed.
2025-09-13T14:58:41.982+02:00  INFO 784 --- [Backend-ArticoliSportivi] [restartedMain] o.hibernate.jpa.internal.util.LogHelper  : HHH000204: Processing PersistenceUnitInfo [name: default]
2025-09-13T14:58:41.984+02:00  INFO 784 --- [Backend-ArticoliSportivi] [restartedMain] o.h.c.internal.RegionFactoryInitiator    : HHH000026: Second-level cache disabled
2025-09-13T14:58:41.989+02:00  INFO 784 --- [Backend-ArticoliSportivi] [restartedMain] o.s.o.j.p.SpringPersistenceUnitInfo      : No LoadTimeWeaver setup: ignoring JPA class transformer
2025-09-13T14:58:41.998+02:00  INFO 784 --- [Backend-ArticoliSportivi] [restartedMain] org.hibernate.orm.connections.pooling    : HHH10001005: Database info:
	Database JDBC URL [Connecting through datasource 'HikariDataSource (HikariPool-3)']
	Database driver: undefined/unknown
	Database version: 16.3
	Autocommit mode: undefined/unknown
	Isolation level: undefined/unknown
	Minimum pool size: undefined/unknown
	Maximum pool size: undefined/unknown
2025-09-13T14:58:42.075+02:00  INFO 784 --- [Backend-ArticoliSportivi] [restartedMain] o.h.e.t.j.p.i.JtaPlatformInitiator       : HHH000489: No JTA platform available (set 'hibernate.transaction.jta.platform' to enable JTA platform integration)
2025-09-13T14:58:42.078+02:00  INFO 784 --- [Backend-ArticoliSportivi] [restartedMain] j.LocalContainerEntityManagerFactoryBean : Initialized JPA EntityManagerFactory for persistence unit 'default'
2025-09-13T14:58:42.166+02:00  WARN 784 --- [Backend-ArticoliSportivi] [restartedMain] JpaBaseConfiguration$JpaWebConfiguration : spring.jpa.open-in-view is enabled by default. Therefore, database queries may be performed during view rendering. Explicitly configure spring.jpa.open-in-view to disable this warning
2025-09-13T14:58:42.299+02:00  INFO 784 --- [Backend-ArticoliSportivi] [restartedMain] o.s.b.d.a.OptionalLiveReloadServer       : LiveReload server is running on port 35729
2025-09-13T14:58:42.313+02:00  INFO 784 --- [Backend-ArticoliSportivi] [restartedMain] o.s.b.w.embedded.tomcat.TomcatWebServer  : Tomcat started on port 9090 (http) with context path '/'
2025-09-13T14:58:42.316+02:00  INFO 784 --- [Backend-ArticoliSportivi] [restartedMain] c.b.j.BackendArticoliSportiviApplication : Started BackendArticoliSportiviApplication in 0.717 seconds (process running for 499.071)
2025-09-13T14:58:42.317+02:00  INFO 784 --- [Backend-ArticoliSportivi] [restartedMain] .ConditionEvaluationDeltaLoggingListener : Condition evaluation unchanged
2025-09-13T15:00:19.598+02:00  INFO 784 --- [Backend-ArticoliSportivi] [File Watcher] rtingClassPathChangeChangedEventListener : Restarting due to 1 class path change (0 additions, 0 deletions, 1 modification)
2025-09-13T15:00:19.600+02:00  INFO 784 --- [Backend-ArticoliSportivi] [Thread-11] o.s.b.w.e.tomcat.GracefulShutdown        : Commencing graceful shutdown. Waiting for active requests to complete
2025-09-13T15:00:19.608+02:00  INFO 784 --- [Backend-ArticoliSportivi] [tomcat-shutdown] o.s.b.w.e.tomcat.GracefulShutdown        : Graceful shutdown complete
2025-09-13T15:00:19.609+02:00  INFO 784 --- [Backend-ArticoliSportivi] [Thread-11] j.LocalContainerEntityManagerFactoryBean : Closing JPA EntityManagerFactory for persistence unit 'default'
2025-09-13T15:00:19.611+02:00  INFO 784 --- [Backend-ArticoliSportivi] [Thread-11] com.zaxxer.hikari.HikariDataSource       : HikariPool-3 - Shutdown initiated...
2025-09-13T15:00:19.612+02:00  INFO 784 --- [Backend-ArticoliSportivi] [Thread-11] com.zaxxer.hikari.HikariDataSource       : HikariPool-3 - Shutdown completed.
2025-09-13T15:00:19.685+02:00  INFO 784 --- [Backend-ArticoliSportivi] [restartedMain] c.b.j.BackendArticoliSportiviApplication : Starting BackendArticoliSportiviApplication using Java 21.0.7 with PID 784 (C:\Users\crist\eclipse-workspace\Backend_articoli_sportivi\target\classes started by crist in C:\Users\crist\eclipse-workspace\Backend_articoli_sportivi)
2025-09-13T15:00:19.686+02:00 DEBUG 784 --- [Backend-ArticoliSportivi] [restartedMain] c.b.j.BackendArticoliSportiviApplication : Running with Spring Boot v3.5.5, Spring v6.2.10
2025-09-13T15:00:19.686+02:00  INFO 784 --- [Backend-ArticoliSportivi] [restartedMain] c.b.j.BackendArticoliSportiviApplication : No active profile set, falling back to 1 default profile: "default"
2025-09-13T15:00:19.866+02:00  INFO 784 --- [Backend-ArticoliSportivi] [restartedMain] .s.d.r.c.RepositoryConfigurationDelegate : Multiple Spring Data modules found, entering strict repository configuration mode
2025-09-13T15:00:19.866+02:00  INFO 784 --- [Backend-ArticoliSportivi] [restartedMain] .s.d.r.c.RepositoryConfigurationDelegate : Bootstrapping Spring Data JDBC repositories in DEFAULT mode.
2025-09-13T15:00:19.873+02:00  INFO 784 --- [Backend-ArticoliSportivi] [restartedMain] .RepositoryConfigurationExtensionSupport : Spring Data JDBC - Could not safely identify store assignment for repository candidate interface com.betacom.jpa.repositories.IArticoloRepository; If you want this repository to be a JDBC repository, consider annotating your entities with one of these annotations: org.springframework.data.relational.core.mapping.Table.
2025-09-13T15:00:19.873+02:00  INFO 784 --- [Backend-ArticoliSportivi] [restartedMain] .RepositoryConfigurationExtensionSupport : Spring Data JDBC - Could not safely identify store assignment for repository candidate interface com.betacom.jpa.repositories.ICarrelloItemRepository; If you want this repository to be a JDBC repository, consider annotating your entities with one of these annotations: org.springframework.data.relational.core.mapping.Table.
2025-09-13T15:00:19.874+02:00  INFO 784 --- [Backend-ArticoliSportivi] [restartedMain] .RepositoryConfigurationExtensionSupport : Spring Data JDBC - Could not safely identify store assignment for repository candidate interface com.betacom.jpa.repositories.ICarrelloRepository; If you want this repository to be a JDBC repository, consider annotating your entities with one of these annotations: org.springframework.data.relational.core.mapping.Table.
2025-09-13T15:00:19.875+02:00  INFO 784 --- [Backend-ArticoliSportivi] [restartedMain] .RepositoryConfigurationExtensionSupport : Spring Data JDBC - Could not safely identify store assignment for repository candidate interface com.betacom.jpa.repositories.ICategoriaRepository; If you want this repository to be a JDBC repository, consider annotating your entities with one of these annotations: org.springframework.data.relational.core.mapping.Table.
2025-09-13T15:00:19.876+02:00  INFO 784 --- [Backend-ArticoliSportivi] [restartedMain] .RepositoryConfigurationExtensionSupport : Spring Data JDBC - Could not safely identify store assignment for repository candidate interface com.betacom.jpa.repositories.IGenereRepository; If you want this repository to be a JDBC repository, consider annotating your entities with one of these annotations: org.springframework.data.relational.core.mapping.Table.
2025-09-13T15:00:19.876+02:00  INFO 784 --- [Backend-ArticoliSportivi] [restartedMain] .RepositoryConfigurationExtensionSupport : Spring Data JDBC - Could not safely identify store assignment for repository candidate interface com.betacom.jpa.repositories.IMarcaRepository; If you want this repository to be a JDBC repository, consider annotating your entities with one of these annotations: org.springframework.data.relational.core.mapping.Table.
2025-09-13T15:00:19.877+02:00  INFO 784 --- [Backend-ArticoliSportivi] [restartedMain] .RepositoryConfigurationExtensionSupport : Spring Data JDBC - Could not safely identify store assignment for repository candidate interface com.betacom.jpa.repositories.IUtenteRepository; If you want this repository to be a JDBC repository, consider annotating your entities with one of these annotations: org.springframework.data.relational.core.mapping.Table.
2025-09-13T15:00:19.877+02:00  INFO 784 --- [Backend-ArticoliSportivi] [restartedMain] .s.d.r.c.RepositoryConfigurationDelegate : Finished Spring Data repository scanning in 10 ms. Found 0 JDBC repository interfaces.
2025-09-13T15:00:19.879+02:00  INFO 784 --- [Backend-ArticoliSportivi] [restartedMain] .s.d.r.c.RepositoryConfigurationDelegate : Multiple Spring Data modules found, entering strict repository configuration mode
2025-09-13T15:00:19.881+02:00  INFO 784 --- [Backend-ArticoliSportivi] [restartedMain] .s.d.r.c.RepositoryConfigurationDelegate : Bootstrapping Spring Data JPA repositories in DEFAULT mode.
2025-09-13T15:00:19.893+02:00  INFO 784 --- [Backend-ArticoliSportivi] [restartedMain] .s.d.r.c.RepositoryConfigurationDelegate : Finished Spring Data repository scanning in 12 ms. Found 7 JPA repository interfaces.
2025-09-13T15:00:19.956+02:00  INFO 784 --- [Backend-ArticoliSportivi] [restartedMain] o.s.b.w.embedded.tomcat.TomcatWebServer  : Tomcat initialized with port 9090 (http)
2025-09-13T15:00:19.957+02:00  INFO 784 --- [Backend-ArticoliSportivi] [restartedMain] o.apache.catalina.core.StandardService   : Starting service [Tomcat]
2025-09-13T15:00:19.957+02:00  INFO 784 --- [Backend-ArticoliSportivi] [restartedMain] o.apache.catalina.core.StandardEngine    : Starting Servlet engine: [Apache Tomcat/10.1.44]
2025-09-13T15:00:19.975+02:00  INFO 784 --- [Backend-ArticoliSportivi] [restartedMain] o.a.c.c.C.[Tomcat].[localhost].[/]       : Initializing Spring embedded WebApplicationContext
2025-09-13T15:00:19.976+02:00  INFO 784 --- [Backend-ArticoliSportivi] [restartedMain] w.s.c.ServletWebServerApplicationContext : Root WebApplicationContext: initialization completed in 289 ms
2025-09-13T15:00:20.001+02:00  INFO 784 --- [Backend-ArticoliSportivi] [restartedMain] com.zaxxer.hikari.HikariDataSource       : HikariPool-4 - Starting...
2025-09-13T15:00:20.043+02:00  INFO 784 --- [Backend-ArticoliSportivi] [restartedMain] com.zaxxer.hikari.pool.HikariPool        : HikariPool-4 - Added connection org.postgresql.jdbc.PgConnection@6fc02c43
2025-09-13T15:00:20.043+02:00  INFO 784 --- [Backend-ArticoliSportivi] [restartedMain] com.zaxxer.hikari.HikariDataSource       : HikariPool-4 - Start completed.
2025-09-13T15:00:20.044+02:00  INFO 784 --- [Backend-ArticoliSportivi] [restartedMain] o.hibernate.jpa.internal.util.LogHelper  : HHH000204: Processing PersistenceUnitInfo [name: default]
2025-09-13T15:00:20.046+02:00  INFO 784 --- [Backend-ArticoliSportivi] [restartedMain] o.h.c.internal.RegionFactoryInitiator    : HHH000026: Second-level cache disabled
2025-09-13T15:00:20.053+02:00  INFO 784 --- [Backend-ArticoliSportivi] [restartedMain] o.s.o.j.p.SpringPersistenceUnitInfo      : No LoadTimeWeaver setup: ignoring JPA class transformer
2025-09-13T15:00:20.061+02:00  INFO 784 --- [Backend-ArticoliSportivi] [restartedMain] org.hibernate.orm.connections.pooling    : HHH10001005: Database info:
	Database JDBC URL [Connecting through datasource 'HikariDataSource (HikariPool-4)']
	Database driver: undefined/unknown
	Database version: 16.3
	Autocommit mode: undefined/unknown
	Isolation level: undefined/unknown
	Minimum pool size: undefined/unknown
	Maximum pool size: undefined/unknown
2025-09-13T15:00:20.137+02:00  INFO 784 --- [Backend-ArticoliSportivi] [restartedMain] o.h.e.t.j.p.i.JtaPlatformInitiator       : HHH000489: No JTA platform available (set 'hibernate.transaction.jta.platform' to enable JTA platform integration)
2025-09-13T15:00:20.140+02:00  INFO 784 --- [Backend-ArticoliSportivi] [restartedMain] j.LocalContainerEntityManagerFactoryBean : Initialized JPA EntityManagerFactory for persistence unit 'default'
2025-09-13T15:00:20.233+02:00  WARN 784 --- [Backend-ArticoliSportivi] [restartedMain] JpaBaseConfiguration$JpaWebConfiguration : spring.jpa.open-in-view is enabled by default. Therefore, database queries may be performed during view rendering. Explicitly configure spring.jpa.open-in-view to disable this warning
2025-09-13T15:00:20.353+02:00  INFO 784 --- [Backend-ArticoliSportivi] [restartedMain] o.s.b.d.a.OptionalLiveReloadServer       : LiveReload server is running on port 35729
2025-09-13T15:00:20.366+02:00  INFO 784 --- [Backend-ArticoliSportivi] [restartedMain] o.s.b.w.embedded.tomcat.TomcatWebServer  : Tomcat started on port 9090 (http) with context path '/'
2025-09-13T15:00:20.369+02:00  INFO 784 --- [Backend-ArticoliSportivi] [restartedMain] c.b.j.BackendArticoliSportiviApplication : Started BackendArticoliSportiviApplication in 0.704 seconds (process running for 597.124)
2025-09-13T15:00:20.369+02:00  INFO 784 --- [Backend-ArticoliSportivi] [restartedMain] .ConditionEvaluationDeltaLoggingListener : Condition evaluation unchanged
2025-09-13T15:00:28.715+02:00  INFO 784 --- [Backend-ArticoliSportivi] [http-nio-9090-exec-1] o.a.c.c.C.[Tomcat].[localhost].[/]       : Initializing Spring DispatcherServlet 'dispatcherServlet'
2025-09-13T15:00:28.715+02:00  INFO 784 --- [Backend-ArticoliSportivi] [http-nio-9090-exec-1] o.s.web.servlet.DispatcherServlet        : Initializing Servlet 'dispatcherServlet'
2025-09-13T15:00:28.715+02:00  INFO 784 --- [Backend-ArticoliSportivi] [http-nio-9090-exec-1] o.s.web.servlet.DispatcherServlet        : Completed initialization in 0 ms
2025-09-13T15:00:28.941+02:00  INFO 784 --- [Backend-ArticoliSportivi] [http-nio-9090-exec-4] o.springdoc.api.AbstractOpenApiResource  : Init duration for springdoc-openapi is: 100 ms
2025-09-13T15:00:45.734+02:00 DEBUG 784 --- [Backend-ArticoliSportivi] [http-nio-9090-exec-5] c.b.j.s.implementations.ArticoloImpl     : ListByMarca:adidas
2025-09-13T15:00:51.265+02:00 DEBUG 784 --- [Backend-ArticoliSportivi] [http-nio-9090-exec-6] c.b.j.s.implementations.ArticoloImpl     : ListByMarca:nike
